SF:lib\core\error\failure.dart
DA:6,4
DA:8,0
DA:9,0
DA:13,0
DA:17,0
DA:22,3
DA:29,0
LF:7
LH:2
end_of_record
SF:lib\features\auth\domain\use_case\login_usecase.dart
DA:12,1
DA:18,0
DA:22,0
DA:23,0
DA:30,1
DA:32,1
DA:35,4
LF:7
LH:4
end_of_record
SF:lib\features\auth\domain\entity\auth_entity.dart
DA:12,3
DA:22,1
DA:24,8
LF:3
LH:3
end_of_record
SF:lib\features\auth\domain\use_case\signup_user_usecase.dart
DA:16,2
DA:26,0
DA:35,0
DA:36,0
DA:42,1
DA:44,1
DA:46,1
DA:47,1
DA:48,1
DA:49,1
DA:50,1
DA:51,1
DA:52,1
DA:54,2
LF:14
LH:11
end_of_record
SF:lib\app\shared_prefs\token_shared_prefs.dart
DA:8,0
DA:10,0
DA:12,0
DA:15,0
DA:19,0
DA:21,0
DA:22,0
DA:24,0
LF:8
LH:0
end_of_record
SF:lib\features\auth\domain\use_case\upload_image_usecase.dart
DA:11,1
DA:20,1
DA:22,1
DA:24,3
LF:4
LH:4
end_of_record
